# JRE version: OpenJDK Runtime Environment (8.0_422-b05) (build 1.8.0_422-422-b05)
# Java VM: OpenJDK 64-Bit Server VM (25.422-b05 mixed mode windows-amd64 compressed oops)
Heap:
 PSYoungGen      total 75264K, used 2312K [0x000000076c380000, 0x0000000771780000, 0x00000007c0000000)
  eden space 64512K, 3% used [0x000000076c380000,0x000000076c5c2328,0x0000000770280000)
  from space 10752K, 0% used [0x0000000770280000,0x0000000770280000,0x0000000770d00000)
  to   space 10752K, 0% used [0x0000000770d00000,0x0000000770d00000,0x0000000771780000)
 ParOldGen       total 74752K, used 9356K [0x00000006c4a00000, 0x00000006c9300000, 0x000000076c380000)
  object space 74752K, 12% used [0x00000006c4a00000,0x00000006c5323220,0x00000006c9300000)
 Metaspace       used 20936K, capacity 21798K, committed 22016K, reserved 1069056K
  class space    used 2839K, capacity 3045K, committed 3072K, reserved 1048576K
GC Heap History (4 events):
Event: 23.202 GC heap before
{Heap before GC invocations=1 (full 0):
 PSYoungGen      total 75264K, used 64512K [0x000000076c380000, 0x0000000771780000, 0x00000007c0000000)
  eden space 64512K, 100% used [0x000000076c380000,0x0000000770280000,0x0000000770280000)
  from space 10752K, 0% used [0x0000000770d00000,0x0000000770d00000,0x0000000771780000)
  to   space 10752K, 0% used [0x0000000770280000,0x0000000770280000,0x0000000770d00000)
 ParOldGen       total 172032K, used 0K [0x00000006c4a00000, 0x00000006cf200000, 0x000000076c380000)
  object space 172032K, 0% used [0x00000006c4a00000,0x00000006c4a00000,0x00000006cf200000)
 Metaspace       used 20213K, capacity 21062K, committed 21248K, reserved 1067008K
  class space    used 2742K, capacity 2949K, committed 3072K, reserved 1048576K
Event: 23.207 GC heap after
Heap after GC invocations=1 (full 0):
 PSYoungGen      total 75264K, used 10740K [0x000000076c380000, 0x0000000771780000, 0x00000007c0000000)
  eden space 64512K, 0% used [0x000000076c380000,0x000000076c380000,0x0000000770280000)
  from space 10752K, 99% used [0x0000000770280000,0x0000000770cfd358,0x0000000770d00000)
  to   space 10752K, 0% used [0x0000000770d00000,0x0000000770d00000,0x0000000771780000)
 ParOldGen       total 172032K, used 805K [0x00000006c4a00000, 0x00000006cf200000, 0x000000076c380000)
  object space 172032K, 0% used [0x00000006c4a00000,0x00000006c4ac9760,0x00000006cf200000)
 Metaspace       used 20213K, capacity 21062K, committed 21248K, reserved 1067008K
  class space    used 2742K, capacity 2949K, committed 3072K, reserved 1048576K
}
Event: 23.207 GC heap before
{Heap before GC invocations=2 (full 1):
 PSYoungGen      total 75264K, used 10740K [0x000000076c380000, 0x0000000771780000, 0x00000007c0000000)
  eden space 64512K, 0% used [0x000000076c380000,0x000000076c380000,0x0000000770280000)
  from space 10752K, 99% used [0x0000000770280000,0x0000000770cfd358,0x0000000770d00000)
  to   space 10752K, 0% used [0x0000000770d00000,0x0000000770d00000,0x0000000771780000)
 ParOldGen       total 172032K, used 805K [0x00000006c4a00000, 0x00000006cf200000, 0x000000076c380000)
  object space 172032K, 0% used [0x00000006c4a00000,0x00000006c4ac9760,0x00000006cf200000)
 Metaspace       used 20213K, capacity 21062K, committed 21248K, reserved 1067008K
  class space    used 2742K, capacity 2949K, committed 3072K, reserved 1048576K
Event: 23.228 GC heap after
Heap after GC invocations=2 (full 1):
 PSYoungGen      total 75264K, used 0K [0x000000076c380000, 0x0000000771780000, 0x00000007c0000000)
  eden space 64512K, 0% used [0x000000076c380000,0x000000076c380000,0x0000000770280000)
  from space 10752K, 0% used [0x0000000770280000,0x0000000770280000,0x0000000770d00000)
  to   space 10752K, 0% used [0x0000000770d00000,0x0000000770d00000,0x0000000771780000)
 ParOldGen       total 74752K, used 9356K [0x00000006c4a00000, 0x00000006c9300000, 0x000000076c380000)
  object space 74752K, 12% used [0x00000006c4a00000,0x00000006c5323220,0x00000006c9300000)
 Metaspace       used 20213K, capacity 21062K, committed 21248K, reserved 1067008K
  class space    used 2742K, capacity 2949K, committed 3072K, reserved 1048576K
}

