# JRE version: OpenJDK Runtime Environment (8.0_422-b05) (build 1.8.0_422-422-b05)
# Java VM: OpenJDK 64-Bit Server VM (25.422-b05 mixed mode windows-amd64 compressed oops)
Heap:
 PSYoungGen      total 75264K, used 2310K [0x000000076c380000, 0x0000000771780000, 0x00000007c0000000)
  eden space 64512K, 3% used [0x000000076c380000,0x000000076c5c1a78,0x0000000770280000)
  from space 10752K, 0% used [0x0000000770280000,0x0000000770280000,0x0000000770d00000)
  to   space 10752K, 0% used [0x0000000770d00000,0x0000000770d00000,0x0000000771780000)
 ParOldGen       total 75264K, used 9417K [0x00000006c4a00000, 0x00000006c9380000, 0x000000076c380000)
  object space 75264K, 12% used [0x00000006c4a00000,0x00000006c5332758,0x00000006c9380000)
 Metaspace       used 20795K, capacity 21658K, committed 21760K, reserved 1069056K
  class space    used 2835K, capacity 3045K, committed 3072K, reserved 1048576K
GC Heap History (4 events):
Event: 14.463 GC heap before
{Heap before GC invocations=1 (full 0):
 PSYoungGen      total 75264K, used 60943K [0x000000076c380000, 0x0000000771780000, 0x00000007c0000000)
  eden space 64512K, 94% used [0x000000076c380000,0x000000076ff03fb0,0x0000000770280000)
  from space 10752K, 0% used [0x0000000770d00000,0x0000000770d00000,0x0000000771780000)
  to   space 10752K, 0% used [0x0000000770280000,0x0000000770280000,0x0000000770d00000)
 ParOldGen       total 172032K, used 0K [0x00000006c4a00000, 0x00000006cf200000, 0x000000076c380000)
  object space 172032K, 0% used [0x00000006c4a00000,0x00000006c4a00000,0x00000006cf200000)
 Metaspace       used 20311K, capacity 21146K, committed 21248K, reserved 1067008K
  class space    used 2767K, capacity 2981K, committed 3072K, reserved 1048576K
Event: 14.467 GC heap after
Heap after GC invocations=1 (full 0):
 PSYoungGen      total 75264K, used 10740K [0x000000076c380000, 0x0000000771780000, 0x00000007c0000000)
  eden space 64512K, 0% used [0x000000076c380000,0x000000076c380000,0x0000000770280000)
  from space 10752K, 99% used [0x0000000770280000,0x0000000770cfd338,0x0000000770d00000)
  to   space 10752K, 0% used [0x0000000770d00000,0x0000000770d00000,0x0000000771780000)
 ParOldGen       total 172032K, used 859K [0x00000006c4a00000, 0x00000006cf200000, 0x000000076c380000)
  object space 172032K, 0% used [0x00000006c4a00000,0x00000006c4ad6ca0,0x00000006cf200000)
 Metaspace       used 20311K, capacity 21146K, committed 21248K, reserved 1067008K
  class space    used 2767K, capacity 2981K, committed 3072K, reserved 1048576K
}
Event: 14.467 GC heap before
{Heap before GC invocations=2 (full 1):
 PSYoungGen      total 75264K, used 10740K [0x000000076c380000, 0x0000000771780000, 0x00000007c0000000)
  eden space 64512K, 0% used [0x000000076c380000,0x000000076c380000,0x0000000770280000)
  from space 10752K, 99% used [0x0000000770280000,0x0000000770cfd338,0x0000000770d00000)
  to   space 10752K, 0% used [0x0000000770d00000,0x0000000770d00000,0x0000000771780000)
 ParOldGen       total 172032K, used 859K [0x00000006c4a00000, 0x00000006cf200000, 0x000000076c380000)
  object space 172032K, 0% used [0x00000006c4a00000,0x00000006c4ad6ca0,0x00000006cf200000)
 Metaspace       used 20311K, capacity 21146K, committed 21248K, reserved 1067008K
  class space    used 2767K, capacity 2981K, committed 3072K, reserved 1048576K
Event: 14.486 GC heap after
Heap after GC invocations=2 (full 1):
 PSYoungGen      total 75264K, used 0K [0x000000076c380000, 0x0000000771780000, 0x00000007c0000000)
  eden space 64512K, 0% used [0x000000076c380000,0x000000076c380000,0x0000000770280000)
  from space 10752K, 0% used [0x0000000770280000,0x0000000770280000,0x0000000770d00000)
  to   space 10752K, 0% used [0x0000000770d00000,0x0000000770d00000,0x0000000771780000)
 ParOldGen       total 75264K, used 9417K [0x00000006c4a00000, 0x00000006c9380000, 0x000000076c380000)
  object space 75264K, 12% used [0x00000006c4a00000,0x00000006c5332758,0x00000006c9380000)
 Metaspace       used 20311K, capacity 21146K, committed 21248K, reserved 1067008K
  class space    used 2767K, capacity 2981K, committed 3072K, reserved 1048576K
}

